Apache Ant(TM) version 1.10.14 compiled on August 16 2023
Trying the default build file: build.xml
Buildfile: /students/shared/siyamabuza/cs276-IndividualLabWork/Project1/build.xml
Detected Java version: 17 in: /opt/jdk-17.0.11
Detected OS: Linux
parsing buildfile /students/shared/siyamabuza/cs276-IndividualLabWork/Project1/build.xml with URI = file:/students/shared/siyamabuza/cs276-IndividualLabWork/Project1/build.xml
Project base dir set to: /students/shared/siyamabuza/cs276-IndividualLabWork/Project1
parsing buildfile jar:file:/usr/local/apache-ant-1.10.14/lib/ant.jar!/org/apache/tools/ant/antlib.xml with URI = jar:file:/usr/local/apache-ant-1.10.14/lib/ant.jar!/org/apache/tools/ant/antlib.xml from a zip file
 [property] Loading /students/shared/siyamabuza/cs276-IndividualLabWork/Project1/build.properties
Property "genLibDir" has not been set
parsing buildfile jar:file:/students/home/CS-Courses/javalib/test-lib/jacocoant.jar!/org/jacoco/ant/antlib.xml with URI = jar:file:/students/home/CS-Courses/javalib/test-lib/jacocoant.jar!/org/jacoco/ant/antlib.xml from a zip file
Build sequence for target(s) `clean' is [clean]
Complete build sequence is [clean, init, compile, buildwar, distwar, deploy, checkstyle-report, redeploy, list, test-compile, javadoc, test, dist, undeploy, clean-gen-src, ]

clean:
   [delete] Deleting directory /students/shared/siyamabuza/cs276-IndividualLabWork/Project1/src/main/webapp/WEB-INF/classes
   [delete] Deleting /students/shared/siyamabuza/cs276-IndividualLabWork/Project1/src/main/webapp/WEB-INF/classes/edu/skidmore/cs276/project/TrivialClass.class
   [delete] Deleting /students/shared/siyamabuza/cs276-IndividualLabWork/Project1/src/main/webapp/WEB-INF/classes/edu/skidmore/cs276/project/beans/tasklist/Task.class
   [delete] Deleting directory /students/shared/siyamabuza/cs276-IndividualLabWork/Project1/src/main/webapp/WEB-INF/classes/edu/skidmore/cs276/project/beans/tasklist
   [delete] Deleting directory /students/shared/siyamabuza/cs276-IndividualLabWork/Project1/src/main/webapp/WEB-INF/classes/edu/skidmore/cs276/project/beans
   [delete] Deleting /students/shared/siyamabuza/cs276-IndividualLabWork/Project1/src/main/webapp/WEB-INF/classes/edu/skidmore/cs276/project/fileio/OpportunitiesPersistence.class
   [delete] Deleting /students/shared/siyamabuza/cs276-IndividualLabWork/Project1/src/main/webapp/WEB-INF/classes/edu/skidmore/cs276/project/fileio/TasklistPersistence.class
   [delete] Deleting directory /students/shared/siyamabuza/cs276-IndividualLabWork/Project1/src/main/webapp/WEB-INF/classes/edu/skidmore/cs276/project/fileio
   [delete] Deleting /students/shared/siyamabuza/cs276-IndividualLabWork/Project1/src/main/webapp/WEB-INF/classes/edu/skidmore/cs276/project/rdb/RdbSingletonFacade.class
   [delete] Deleting directory /students/shared/siyamabuza/cs276-IndividualLabWork/Project1/src/main/webapp/WEB-INF/classes/edu/skidmore/cs276/project/rdb
   [delete] Deleting /students/shared/siyamabuza/cs276-IndividualLabWork/Project1/src/main/webapp/WEB-INF/classes/edu/skidmore/cs276/project/webapps/web/AddResourceServlet.class
   [delete] Deleting /students/shared/siyamabuza/cs276-IndividualLabWork/Project1/src/main/webapp/WEB-INF/classes/edu/skidmore/cs276/project/webapps/web/ControllerInfo.class
   [delete] Deleting /students/shared/siyamabuza/cs276-IndividualLabWork/Project1/src/main/webapp/WEB-INF/classes/edu/skidmore/cs276/project/webapps/web/DatabaseSetupListener.class
   [delete] Deleting /students/shared/siyamabuza/cs276-IndividualLabWork/Project1/src/main/webapp/WEB-INF/classes/edu/skidmore/cs276/project/webapps/web/DeleteOpportunityServlet.class
   [delete] Deleting /students/shared/siyamabuza/cs276-IndividualLabWork/Project1/src/main/webapp/WEB-INF/classes/edu/skidmore/cs276/project/webapps/web/GrantsServlet.class
   [delete] Deleting /students/shared/siyamabuza/cs276-IndividualLabWork/Project1/src/main/webapp/WEB-INF/classes/edu/skidmore/cs276/project/webapps/web/JobsServlet.class
   [delete] Deleting /students/shared/siyamabuza/cs276-IndividualLabWork/Project1/src/main/webapp/WEB-INF/classes/edu/skidmore/cs276/project/webapps/web/JspInfo.class
   [delete] Deleting /students/shared/siyamabuza/cs276-IndividualLabWork/Project1/src/main/webapp/WEB-INF/classes/edu/skidmore/cs276/project/webapps/web/LoginServlet.class
   [delete] Deleting /students/shared/siyamabuza/cs276-IndividualLabWork/Project1/src/main/webapp/WEB-INF/classes/edu/skidmore/cs276/project/webapps/web/LogoutServlet.class
   [delete] Deleting /students/shared/siyamabuza/cs276-IndividualLabWork/Project1/src/main/webapp/WEB-INF/classes/edu/skidmore/cs276/project/webapps/web/OpportunitiesSessionListener.class
   [delete] Deleting /students/shared/siyamabuza/cs276-IndividualLabWork/Project1/src/main/webapp/WEB-INF/classes/edu/skidmore/cs276/project/webapps/web/OpportunitiesUtils.class
   [delete] Deleting /students/shared/siyamabuza/cs276-IndividualLabWork/Project1/src/main/webapp/WEB-INF/classes/edu/skidmore/cs276/project/webapps/web/RequestAttribute.class
   [delete] Deleting /students/shared/siyamabuza/cs276-IndividualLabWork/Project1/src/main/webapp/WEB-INF/classes/edu/skidmore/cs276/project/webapps/web/RequestParameter.class
   [delete] Deleting /students/shared/siyamabuza/cs276-IndividualLabWork/Project1/src/main/webapp/WEB-INF/classes/edu/skidmore/cs276/project/webapps/web/ScholarshipsServlet.class
   [delete] Deleting /students/shared/siyamabuza/cs276-IndividualLabWork/Project1/src/main/webapp/WEB-INF/classes/edu/skidmore/cs276/project/webapps/web/SecurityUtilities.class
   [delete] Deleting /students/shared/siyamabuza/cs276-IndividualLabWork/Project1/src/main/webapp/WEB-INF/classes/edu/skidmore/cs276/project/webapps/web/SessionAttribute.class
   [delete] Deleting /students/shared/siyamabuza/cs276-IndividualLabWork/Project1/src/main/webapp/WEB-INF/classes/edu/skidmore/cs276/project/webapps/web/StringUtilities.class
   [delete] Deleting /students/shared/siyamabuza/cs276-IndividualLabWork/Project1/src/main/webapp/WEB-INF/classes/edu/skidmore/cs276/project/webapps/web/ViewOpportunitiesServlet.class
   [delete] Deleting directory /students/shared/siyamabuza/cs276-IndividualLabWork/Project1/src/main/webapp/WEB-INF/classes/edu/skidmore/cs276/project/webapps/web
   [delete] Deleting directory /students/shared/siyamabuza/cs276-IndividualLabWork/Project1/src/main/webapp/WEB-INF/classes/edu/skidmore/cs276/project/webapps
   [delete] Deleting directory /students/shared/siyamabuza/cs276-IndividualLabWork/Project1/src/main/webapp/WEB-INF/classes/edu/skidmore/cs276/project
   [delete] Deleting directory /students/shared/siyamabuza/cs276-IndividualLabWork/Project1/src/main/webapp/WEB-INF/classes/edu/skidmore/cs276
   [delete] Deleting directory /students/shared/siyamabuza/cs276-IndividualLabWork/Project1/src/main/webapp/WEB-INF/classes/edu/skidmore
   [delete] Deleting directory /students/shared/siyamabuza/cs276-IndividualLabWork/Project1/src/main/webapp/WEB-INF/classes/edu
   [delete] Deleting /students/shared/siyamabuza/cs276-IndividualLabWork/Project1/src/main/webapp/WEB-INF/classes/log4j.properties
   [delete] Deleting directory /students/shared/siyamabuza/cs276-IndividualLabWork/Project1/src/main/webapp/WEB-INF/classes
   [delete] Deleting directory /students/shared/siyamabuza/cs276-IndividualLabWork/Project1/test-bin
   [delete] Deleting directory /students/shared/siyamabuza/cs276-IndividualLabWork/Project1/test-bin
   [delete] Deleting directory /students/shared/siyamabuza/cs276-IndividualLabWork/Project1/dist
   [delete] Deleting /students/shared/siyamabuza/cs276-IndividualLabWork/Project1/dist/project1.war
   [delete] Deleting directory /students/shared/siyamabuza/cs276-IndividualLabWork/Project1/dist
   [delete] Deleting directory /students/shared/siyamabuza/cs276-IndividualLabWork/Project1/generated
   [delete] Deleting directory /students/shared/siyamabuza/cs276-IndividualLabWork/Project1/generated/bin
   [delete] Deleting directory /students/shared/siyamabuza/cs276-IndividualLabWork/Project1/generated
Property "javadocDir" has not been set
Build sequence for target(s) `compile' is [init, compile]
Complete build sequence is [init, compile, buildwar, distwar, deploy, checkstyle-report, redeploy, list, test-compile, javadoc, test, clean, dist, undeploy, clean-gen-src, ]

init:
    [mkdir] Created dir: /students/shared/siyamabuza/cs276-IndividualLabWork/Project1/src/main/webapp/WEB-INF/classes
    [mkdir] Created dir: /students/shared/siyamabuza/cs276-IndividualLabWork/Project1/test-bin
    [mkdir] Created dir: /students/shared/siyamabuza/cs276-IndividualLabWork/Project1/dist
    [mkdir] Created dir: /students/shared/siyamabuza/cs276-IndividualLabWork/Project1/generated/bin

compile:
    [javac] edu/skidmore/cs276/project/TrivialClass.java added as edu/skidmore/cs276/project/TrivialClass.class doesn't exist.
    [javac] edu/skidmore/cs276/project/beans/tasklist/Task.java added as edu/skidmore/cs276/project/beans/tasklist/Task.class doesn't exist.
    [javac] edu/skidmore/cs276/project/fileio/OpportunitiesPersistence.java added as edu/skidmore/cs276/project/fileio/OpportunitiesPersistence.class doesn't exist.
    [javac] edu/skidmore/cs276/project/fileio/TasklistPersistence.java added as edu/skidmore/cs276/project/fileio/TasklistPersistence.class doesn't exist.
    [javac] edu/skidmore/cs276/project/rdb/RdbSingletonFacade.java added as edu/skidmore/cs276/project/rdb/RdbSingletonFacade.class doesn't exist.
    [javac] edu/skidmore/cs276/project/webapps/web/AddResourceServlet.java added as edu/skidmore/cs276/project/webapps/web/AddResourceServlet.class doesn't exist.
    [javac] edu/skidmore/cs276/project/webapps/web/ControllerInfo.java added as edu/skidmore/cs276/project/webapps/web/ControllerInfo.class doesn't exist.
    [javac] edu/skidmore/cs276/project/webapps/web/DatabaseSetupListener.java added as edu/skidmore/cs276/project/webapps/web/DatabaseSetupListener.class doesn't exist.
    [javac] edu/skidmore/cs276/project/webapps/web/DeleteOpportunityServlet.java added as edu/skidmore/cs276/project/webapps/web/DeleteOpportunityServlet.class doesn't exist.
    [javac] edu/skidmore/cs276/project/webapps/web/GrantsServlet.java added as edu/skidmore/cs276/project/webapps/web/GrantsServlet.class doesn't exist.
    [javac] edu/skidmore/cs276/project/webapps/web/JobsServlet.java added as edu/skidmore/cs276/project/webapps/web/JobsServlet.class doesn't exist.
    [javac] edu/skidmore/cs276/project/webapps/web/JspInfo.java added as edu/skidmore/cs276/project/webapps/web/JspInfo.class doesn't exist.
    [javac] edu/skidmore/cs276/project/webapps/web/LoginServlet.java added as edu/skidmore/cs276/project/webapps/web/LoginServlet.class doesn't exist.
    [javac] edu/skidmore/cs276/project/webapps/web/LogoutServlet.java added as edu/skidmore/cs276/project/webapps/web/LogoutServlet.class doesn't exist.
    [javac] edu/skidmore/cs276/project/webapps/web/OpportunitiesServlet.java added as edu/skidmore/cs276/project/webapps/web/OpportunitiesServlet.class doesn't exist.
    [javac] edu/skidmore/cs276/project/webapps/web/OpportunitiesSessionListener.java added as edu/skidmore/cs276/project/webapps/web/OpportunitiesSessionListener.class doesn't exist.
    [javac] edu/skidmore/cs276/project/webapps/web/OpportunitiesUtils.java added as edu/skidmore/cs276/project/webapps/web/OpportunitiesUtils.class doesn't exist.
    [javac] edu/skidmore/cs276/project/webapps/web/RequestAttribute.java added as edu/skidmore/cs276/project/webapps/web/RequestAttribute.class doesn't exist.
    [javac] edu/skidmore/cs276/project/webapps/web/RequestParameter.java added as edu/skidmore/cs276/project/webapps/web/RequestParameter.class doesn't exist.
    [javac] edu/skidmore/cs276/project/webapps/web/ScholarshipsServlet.java added as edu/skidmore/cs276/project/webapps/web/ScholarshipsServlet.class doesn't exist.
    [javac] edu/skidmore/cs276/project/webapps/web/SecurityUtilities.java added as edu/skidmore/cs276/project/webapps/web/SecurityUtilities.class doesn't exist.
    [javac] edu/skidmore/cs276/project/webapps/web/SessionAttribute.java added as edu/skidmore/cs276/project/webapps/web/SessionAttribute.class doesn't exist.
    [javac] edu/skidmore/cs276/project/webapps/web/StringUtilities.java added as edu/skidmore/cs276/project/webapps/web/StringUtilities.class doesn't exist.
    [javac] edu/skidmore/cs276/project/webapps/web/ViewOpportunitiesServlet.java added as edu/skidmore/cs276/project/webapps/web/ViewOpportunitiesServlet.class doesn't exist.
    [javac] Compiling 24 source files to /students/shared/siyamabuza/cs276-IndividualLabWork/Project1/src/main/webapp/WEB-INF/classes
    [javac] Using modern compiler
    [javac] Compilation arguments:
    [javac] '-d'
    [javac] '/students/shared/siyamabuza/cs276-IndividualLabWork/Project1/src/main/webapp/WEB-INF/classes'
    [javac] '-classpath'
    [javac] '/students/shared/siyamabuza/cs276-IndividualLabWork/Project1/src/main/webapp/WEB-INF/classes:/students/home/CS-Courses/javalib/env-lib/catalina-ant.jar:/students/home/CS-Courses/javalib/env-lib/catalina.jar:/students/home/CS-Courses/javalib/env-lib/servlet-api.jar:/students/home/CS-Courses/javalib/env-lib/taglibs-standard-impl-1.2.5.jar:/students/shared/siyamabuza/cs276-IndividualLabWork/Project1/src/main/webapp/WEB-INF/lib/commons-codec-1.18.0.jar:/students/shared/siyamabuza/cs276-IndividualLabWork/Project1/src/main/webapp/WEB-INF/lib/commons-lang3-3.17.0.jar:/students/shared/siyamabuza/cs276-IndividualLabWork/Project1/src/main/webapp/WEB-INF/lib/commons-validator-1.9.0.jar:/students/shared/siyamabuza/cs276-IndividualLabWork/Project1/src/main/webapp/WEB-INF/lib/encoder-1.3.1.jar:/students/shared/siyamabuza/cs276-IndividualLabWork/Project1/src/main/webapp/WEB-INF/lib/imaging.jar:/students/shared/siyamabuza/cs276-IndividualLabWork/Project1/src/main/webapp/WEB-INF/lib/log4j-1.2.17.jar:/students/shared/siyamabuza/cs276-IndividualLabWork/Project1/src/main/webapp/WEB-INF/lib/mysql-connector-j-8.3.0.jar:/students/shared/siyamabuza/cs276-IndividualLabWork/Project1/src/main/webapp/WEB-INF/lib/simplecaptcha-dsr.jar'
    [javac] '-sourcepath'
    [javac] '/students/shared/siyamabuza/cs276-IndividualLabWork/Project1/src/main/java'
    [javac] '-g'
    [javac] '-source'
    [javac] '17'
    [javac] 
    [javac] The ' characters around the executable and arguments are
    [javac] not part of the command.
    [javac] Files to be compiled:
    [javac]     /students/shared/siyamabuza/cs276-IndividualLabWork/Project1/src/main/java/edu/skidmore/cs276/project/TrivialClass.java
    [javac]     /students/shared/siyamabuza/cs276-IndividualLabWork/Project1/src/main/java/edu/skidmore/cs276/project/beans/tasklist/Task.java
    [javac]     /students/shared/siyamabuza/cs276-IndividualLabWork/Project1/src/main/java/edu/skidmore/cs276/project/fileio/OpportunitiesPersistence.java
    [javac]     /students/shared/siyamabuza/cs276-IndividualLabWork/Project1/src/main/java/edu/skidmore/cs276/project/fileio/TasklistPersistence.java
    [javac]     /students/shared/siyamabuza/cs276-IndividualLabWork/Project1/src/main/java/edu/skidmore/cs276/project/rdb/RdbSingletonFacade.java
    [javac]     /students/shared/siyamabuza/cs276-IndividualLabWork/Project1/src/main/java/edu/skidmore/cs276/project/webapps/web/AddResourceServlet.java
    [javac]     /students/shared/siyamabuza/cs276-IndividualLabWork/Project1/src/main/java/edu/skidmore/cs276/project/webapps/web/ControllerInfo.java
    [javac]     /students/shared/siyamabuza/cs276-IndividualLabWork/Project1/src/main/java/edu/skidmore/cs276/project/webapps/web/DatabaseSetupListener.java
    [javac]     /students/shared/siyamabuza/cs276-IndividualLabWork/Project1/src/main/java/edu/skidmore/cs276/project/webapps/web/DeleteOpportunityServlet.java
    [javac]     /students/shared/siyamabuza/cs276-IndividualLabWork/Project1/src/main/java/edu/skidmore/cs276/project/webapps/web/GrantsServlet.java
    [javac]     /students/shared/siyamabuza/cs276-IndividualLabWork/Project1/src/main/java/edu/skidmore/cs276/project/webapps/web/JobsServlet.java
    [javac]     /students/shared/siyamabuza/cs276-IndividualLabWork/Project1/src/main/java/edu/skidmore/cs276/project/webapps/web/JspInfo.java
    [javac]     /students/shared/siyamabuza/cs276-IndividualLabWork/Project1/src/main/java/edu/skidmore/cs276/project/webapps/web/LoginServlet.java
    [javac]     /students/shared/siyamabuza/cs276-IndividualLabWork/Project1/src/main/java/edu/skidmore/cs276/project/webapps/web/LogoutServlet.java
    [javac]     /students/shared/siyamabuza/cs276-IndividualLabWork/Project1/src/main/java/edu/skidmore/cs276/project/webapps/web/OpportunitiesServlet.java
    [javac]     /students/shared/siyamabuza/cs276-IndividualLabWork/Project1/src/main/java/edu/skidmore/cs276/project/webapps/web/OpportunitiesSessionListener.java
    [javac]     /students/shared/siyamabuza/cs276-IndividualLabWork/Project1/src/main/java/edu/skidmore/cs276/project/webapps/web/OpportunitiesUtils.java
    [javac]     /students/shared/siyamabuza/cs276-IndividualLabWork/Project1/src/main/java/edu/skidmore/cs276/project/webapps/web/RequestAttribute.java
    [javac]     /students/shared/siyamabuza/cs276-IndividualLabWork/Project1/src/main/java/edu/skidmore/cs276/project/webapps/web/RequestParameter.java
    [javac]     /students/shared/siyamabuza/cs276-IndividualLabWork/Project1/src/main/java/edu/skidmore/cs276/project/webapps/web/ScholarshipsServlet.java
    [javac]     /students/shared/siyamabuza/cs276-IndividualLabWork/Project1/src/main/java/edu/skidmore/cs276/project/webapps/web/SecurityUtilities.java
    [javac]     /students/shared/siyamabuza/cs276-IndividualLabWork/Project1/src/main/java/edu/skidmore/cs276/project/webapps/web/SessionAttribute.java
    [javac]     /students/shared/siyamabuza/cs276-IndividualLabWork/Project1/src/main/java/edu/skidmore/cs276/project/webapps/web/StringUtilities.java
    [javac]     /students/shared/siyamabuza/cs276-IndividualLabWork/Project1/src/main/java/edu/skidmore/cs276/project/webapps/web/ViewOpportunitiesServlet.java
    [javac] Note: /students/shared/siyamabuza/cs276-IndividualLabWork/Project1/src/main/java/edu/skidmore/cs276/project/webapps/web/AddResourceServlet.java uses or overrides a deprecated API.
    [javac] Note: Recompile with -Xlint:deprecation for details.
    [javac] Note: /students/shared/siyamabuza/cs276-IndividualLabWork/Project1/src/main/java/edu/skidmore/cs276/project/webapps/web/OpportunitiesUtils.java uses unchecked or unsafe operations.
    [javac] Note: Recompile with -Xlint:unchecked for details.
     [copy] log4j.properties added as log4j.properties doesn't exist.
     [copy]  omitted as /students/shared/siyamabuza/cs276-IndividualLabWork/Project1/src/main/webapp/WEB-INF/classes is up to date.
     [copy] Copying 1 file to /students/shared/siyamabuza/cs276-IndividualLabWork/Project1/src/main/webapp/WEB-INF/classes
     [copy] Copying /students/shared/siyamabuza/cs276-IndividualLabWork/Project1/src/main/config/log4j.properties to /students/shared/siyamabuza/cs276-IndividualLabWork/Project1/src/main/webapp/WEB-INF/classes/log4j.properties

BUILD SUCCESSFUL
Total time: 1 second
