2025-04-11 20:57:22,430 [main] (DeleteOpportunityServlet.java:39) INFO  edu.skidmore.cs276.project.webapps.web.DeleteOpportunityServlet  - Request method: null
2025-04-11 20:57:22,446 [main] (OpportunitiesPersistence.java:166) INFO  edu.skidmore.cs276.project.fileio.OpportunitiesPersistence  - Deleting scholarships with URL: http://example.com
2025-04-11 20:57:22,447 [main] (OpportunitiesPersistence.java:170) ERROR edu.skidmore.cs276.project.fileio.OpportunitiesPersistence  - Failed to delete scholarships with URL: http://example.com
java.lang.IllegalStateException: The RDB Driver Class Name has not been set. The RDB Url has not been set. The RDB User Id has not been set. The RDB Password has not been set. 
	at edu.skidmore.cs276.project.rdb.RdbSingletonFacade.validateConfiguration(RdbSingletonFacade.java:296)
	at edu.skidmore.cs276.project.rdb.RdbSingletonFacade.execute(RdbSingletonFacade.java:137)
	at edu.skidmore.cs276.project.fileio.OpportunitiesPersistence.deleteOpportunity(OpportunitiesPersistence.java:168)
	at edu.skidmore.cs276.project.webapps.web.DeleteOpportunityServlet.controller(DeleteOpportunityServlet.java:55)
	at edu.skidmore.cs276.project.webapps.web.DeleteOpportunityServlet.doPost(DeleteOpportunityServlet.java:34)
	at edu.skidmore.cs276.project.webapps.web.DeleteOpportunityServletTest.testAdminWithValidInputDeletesResource(DeleteOpportunityServletTest.java:84)
	at java.base/jdk.internal.reflect.NativeMethodAccessorImpl.invoke0(Native Method)
	at java.base/jdk.internal.reflect.NativeMethodAccessorImpl.invoke(NativeMethodAccessorImpl.java:77)
	at java.base/jdk.internal.reflect.DelegatingMethodAccessorImpl.invoke(DelegatingMethodAccessorImpl.java:43)
	at java.base/java.lang.reflect.Method.invoke(Method.java:568)
	at org.junit.runners.model.FrameworkMethod$1.runReflectiveCall(FrameworkMethod.java:59)
	at org.junit.internal.runners.model.ReflectiveCallable.run(ReflectiveCallable.java:12)
	at org.junit.runners.model.FrameworkMethod.invokeExplosively(FrameworkMethod.java:56)
	at org.junit.internal.runners.statements.InvokeMethod.evaluate(InvokeMethod.java:17)
	at org.junit.internal.runners.statements.RunBefores.evaluate(RunBefores.java:26)
	at org.junit.runners.ParentRunner$3.evaluate(ParentRunner.java:306)
	at org.junit.runners.BlockJUnit4ClassRunner$1.evaluate(BlockJUnit4ClassRunner.java:100)
	at org.junit.runners.ParentRunner.runLeaf(ParentRunner.java:366)
	at org.junit.runners.BlockJUnit4ClassRunner.runChild(BlockJUnit4ClassRunner.java:103)
	at org.junit.runners.BlockJUnit4ClassRunner.runChild(BlockJUnit4ClassRunner.java:63)
	at org.junit.runners.ParentRunner$4.run(ParentRunner.java:331)
	at org.junit.runners.ParentRunner$1.schedule(ParentRunner.java:79)
	at org.junit.runners.ParentRunner.runChildren(ParentRunner.java:329)
	at org.junit.runners.ParentRunner.access$100(ParentRunner.java:66)
	at org.junit.runners.ParentRunner$2.evaluate(ParentRunner.java:293)
	at org.junit.runners.ParentRunner$3.evaluate(ParentRunner.java:306)
	at org.junit.runners.ParentRunner.run(ParentRunner.java:413)
	at junit.framework.JUnit4TestAdapter.run(JUnit4TestAdapter.java:50)
	at org.apache.tools.ant.taskdefs.optional.junit.JUnitTestRunner.run(JUnitTestRunner.java:535)
	at org.apache.tools.ant.taskdefs.optional.junit.JUnitTestRunner.launch(JUnitTestRunner.java:1197)
	at org.apache.tools.ant.taskdefs.optional.junit.JUnitTestRunner.main(JUnitTestRunner.java:1042)
2025-04-11 20:57:22,449 [main] (DeleteOpportunityServlet.java:58) ERROR edu.skidmore.cs276.project.webapps.web.DeleteOpportunityServlet  - Failed to delete scholarships with URL: http://example.com
java.lang.IllegalStateException: The RDB Driver Class Name has not been set. The RDB Url has not been set. The RDB User Id has not been set. The RDB Password has not been set. 
	at edu.skidmore.cs276.project.rdb.RdbSingletonFacade.validateConfiguration(RdbSingletonFacade.java:296)
	at edu.skidmore.cs276.project.rdb.RdbSingletonFacade.execute(RdbSingletonFacade.java:137)
	at edu.skidmore.cs276.project.fileio.OpportunitiesPersistence.deleteOpportunity(OpportunitiesPersistence.java:168)
	at edu.skidmore.cs276.project.webapps.web.DeleteOpportunityServlet.controller(DeleteOpportunityServlet.java:55)
	at edu.skidmore.cs276.project.webapps.web.DeleteOpportunityServlet.doPost(DeleteOpportunityServlet.java:34)
	at edu.skidmore.cs276.project.webapps.web.DeleteOpportunityServletTest.testAdminWithValidInputDeletesResource(DeleteOpportunityServletTest.java:84)
	at java.base/jdk.internal.reflect.NativeMethodAccessorImpl.invoke0(Native Method)
	at java.base/jdk.internal.reflect.NativeMethodAccessorImpl.invoke(NativeMethodAccessorImpl.java:77)
	at java.base/jdk.internal.reflect.DelegatingMethodAccessorImpl.invoke(DelegatingMethodAccessorImpl.java:43)
	at java.base/java.lang.reflect.Method.invoke(Method.java:568)
	at org.junit.runners.model.FrameworkMethod$1.runReflectiveCall(FrameworkMethod.java:59)
	at org.junit.internal.runners.model.ReflectiveCallable.run(ReflectiveCallable.java:12)
	at org.junit.runners.model.FrameworkMethod.invokeExplosively(FrameworkMethod.java:56)
	at org.junit.internal.runners.statements.InvokeMethod.evaluate(InvokeMethod.java:17)
	at org.junit.internal.runners.statements.RunBefores.evaluate(RunBefores.java:26)
	at org.junit.runners.ParentRunner$3.evaluate(ParentRunner.java:306)
	at org.junit.runners.BlockJUnit4ClassRunner$1.evaluate(BlockJUnit4ClassRunner.java:100)
	at org.junit.runners.ParentRunner.runLeaf(ParentRunner.java:366)
	at org.junit.runners.BlockJUnit4ClassRunner.runChild(BlockJUnit4ClassRunner.java:103)
	at org.junit.runners.BlockJUnit4ClassRunner.runChild(BlockJUnit4ClassRunner.java:63)
	at org.junit.runners.ParentRunner$4.run(ParentRunner.java:331)
	at org.junit.runners.ParentRunner$1.schedule(ParentRunner.java:79)
	at org.junit.runners.ParentRunner.runChildren(ParentRunner.java:329)
	at org.junit.runners.ParentRunner.access$100(ParentRunner.java:66)
	at org.junit.runners.ParentRunner$2.evaluate(ParentRunner.java:293)
	at org.junit.runners.ParentRunner$3.evaluate(ParentRunner.java:306)
	at org.junit.runners.ParentRunner.run(ParentRunner.java:413)
	at junit.framework.JUnit4TestAdapter.run(JUnit4TestAdapter.java:50)
	at org.apache.tools.ant.taskdefs.optional.junit.JUnitTestRunner.run(JUnitTestRunner.java:535)
	at org.apache.tools.ant.taskdefs.optional.junit.JUnitTestRunner.launch(JUnitTestRunner.java:1197)
	at org.apache.tools.ant.taskdefs.optional.junit.JUnitTestRunner.main(JUnitTestRunner.java:1042)
2025-04-11 20:57:22,504 [main] (DeleteOpportunityServlet.java:39) INFO  edu.skidmore.cs276.project.webapps.web.DeleteOpportunityServlet  - Request method: null
2025-04-11 20:57:22,504 [main] (DeleteOpportunityServlet.java:42) INFO  edu.skidmore.cs276.project.webapps.web.DeleteOpportunityServlet  - Not logged in
2025-04-11 20:57:22,516 [main] (DeleteOpportunityServlet.java:39) INFO  edu.skidmore.cs276.project.webapps.web.DeleteOpportunityServlet  - Request method: null
2025-04-11 20:57:22,517 [main] (DeleteOpportunityServlet.java:62) WARN  edu.skidmore.cs276.project.webapps.web.DeleteOpportunityServlet  - Missing category or URL for deletion: category=null, url=http://example.com
2025-04-11 20:57:22,526 [main] (DeleteOpportunityServlet.java:39) INFO  edu.skidmore.cs276.project.webapps.web.DeleteOpportunityServlet  - Request method: null
2025-04-11 20:57:22,527 [main] (DeleteOpportunityServlet.java:47) WARN  edu.skidmore.cs276.project.webapps.web.DeleteOpportunityServlet  - Access denied: User role user not authorized to delete resources
2025-04-11 20:59:23,295 [main] (DeleteOpportunityServlet.java:39) INFO  edu.skidmore.cs276.project.webapps.web.DeleteOpportunityServlet  - Request method: null
2025-04-11 20:59:23,307 [main] (OpportunitiesPersistence.java:166) INFO  edu.skidmore.cs276.project.fileio.OpportunitiesPersistence  - Deleting scholarships with URL: http://example.com
2025-04-11 20:59:23,308 [main] (OpportunitiesPersistence.java:170) ERROR edu.skidmore.cs276.project.fileio.OpportunitiesPersistence  - Failed to delete scholarships with URL: http://example.com
java.lang.IllegalStateException: The RDB Driver Class Name has not been set. The RDB Url has not been set. The RDB User Id has not been set. The RDB Password has not been set. 
	at edu.skidmore.cs276.project.rdb.RdbSingletonFacade.validateConfiguration(RdbSingletonFacade.java:296)
	at edu.skidmore.cs276.project.rdb.RdbSingletonFacade.execute(RdbSingletonFacade.java:137)
	at edu.skidmore.cs276.project.fileio.OpportunitiesPersistence.deleteOpportunity(OpportunitiesPersistence.java:168)
	at edu.skidmore.cs276.project.webapps.web.DeleteOpportunityServlet.controller(DeleteOpportunityServlet.java:55)
	at edu.skidmore.cs276.project.webapps.web.DeleteOpportunityServlet.doPost(DeleteOpportunityServlet.java:34)
	at edu.skidmore.cs276.project.webapps.web.DeleteOpportunityServletTest.testAdminWithValidInputDeletesResource(DeleteOpportunityServletTest.java:84)
	at java.base/jdk.internal.reflect.NativeMethodAccessorImpl.invoke0(Native Method)
	at java.base/jdk.internal.reflect.NativeMethodAccessorImpl.invoke(NativeMethodAccessorImpl.java:77)
	at java.base/jdk.internal.reflect.DelegatingMethodAccessorImpl.invoke(DelegatingMethodAccessorImpl.java:43)
	at java.base/java.lang.reflect.Method.invoke(Method.java:568)
	at org.junit.runners.model.FrameworkMethod$1.runReflectiveCall(FrameworkMethod.java:59)
	at org.junit.internal.runners.model.ReflectiveCallable.run(ReflectiveCallable.java:12)
	at org.junit.runners.model.FrameworkMethod.invokeExplosively(FrameworkMethod.java:56)
	at org.junit.internal.runners.statements.InvokeMethod.evaluate(InvokeMethod.java:17)
	at org.junit.internal.runners.statements.RunBefores.evaluate(RunBefores.java:26)
	at org.junit.runners.ParentRunner$3.evaluate(ParentRunner.java:306)
	at org.junit.runners.BlockJUnit4ClassRunner$1.evaluate(BlockJUnit4ClassRunner.java:100)
	at org.junit.runners.ParentRunner.runLeaf(ParentRunner.java:366)
	at org.junit.runners.BlockJUnit4ClassRunner.runChild(BlockJUnit4ClassRunner.java:103)
	at org.junit.runners.BlockJUnit4ClassRunner.runChild(BlockJUnit4ClassRunner.java:63)
	at org.junit.runners.ParentRunner$4.run(ParentRunner.java:331)
	at org.junit.runners.ParentRunner$1.schedule(ParentRunner.java:79)
	at org.junit.runners.ParentRunner.runChildren(ParentRunner.java:329)
	at org.junit.runners.ParentRunner.access$100(ParentRunner.java:66)
	at org.junit.runners.ParentRunner$2.evaluate(ParentRunner.java:293)
	at org.junit.runners.ParentRunner$3.evaluate(ParentRunner.java:306)
	at org.junit.runners.ParentRunner.run(ParentRunner.java:413)
	at junit.framework.JUnit4TestAdapter.run(JUnit4TestAdapter.java:50)
	at org.apache.tools.ant.taskdefs.optional.junit.JUnitTestRunner.run(JUnitTestRunner.java:535)
	at org.apache.tools.ant.taskdefs.optional.junit.JUnitTestRunner.launch(JUnitTestRunner.java:1197)
	at org.apache.tools.ant.taskdefs.optional.junit.JUnitTestRunner.main(JUnitTestRunner.java:1042)
2025-04-11 20:59:23,309 [main] (DeleteOpportunityServlet.java:58) ERROR edu.skidmore.cs276.project.webapps.web.DeleteOpportunityServlet  - Failed to delete scholarships with URL: http://example.com
java.lang.IllegalStateException: The RDB Driver Class Name has not been set. The RDB Url has not been set. The RDB User Id has not been set. The RDB Password has not been set. 
	at edu.skidmore.cs276.project.rdb.RdbSingletonFacade.validateConfiguration(RdbSingletonFacade.java:296)
	at edu.skidmore.cs276.project.rdb.RdbSingletonFacade.execute(RdbSingletonFacade.java:137)
	at edu.skidmore.cs276.project.fileio.OpportunitiesPersistence.deleteOpportunity(OpportunitiesPersistence.java:168)
	at edu.skidmore.cs276.project.webapps.web.DeleteOpportunityServlet.controller(DeleteOpportunityServlet.java:55)
	at edu.skidmore.cs276.project.webapps.web.DeleteOpportunityServlet.doPost(DeleteOpportunityServlet.java:34)
	at edu.skidmore.cs276.project.webapps.web.DeleteOpportunityServletTest.testAdminWithValidInputDeletesResource(DeleteOpportunityServletTest.java:84)
	at java.base/jdk.internal.reflect.NativeMethodAccessorImpl.invoke0(Native Method)
	at java.base/jdk.internal.reflect.NativeMethodAccessorImpl.invoke(NativeMethodAccessorImpl.java:77)
	at java.base/jdk.internal.reflect.DelegatingMethodAccessorImpl.invoke(DelegatingMethodAccessorImpl.java:43)
	at java.base/java.lang.reflect.Method.invoke(Method.java:568)
	at org.junit.runners.model.FrameworkMethod$1.runReflectiveCall(FrameworkMethod.java:59)
	at org.junit.internal.runners.model.ReflectiveCallable.run(ReflectiveCallable.java:12)
	at org.junit.runners.model.FrameworkMethod.invokeExplosively(FrameworkMethod.java:56)
	at org.junit.internal.runners.statements.InvokeMethod.evaluate(InvokeMethod.java:17)
	at org.junit.internal.runners.statements.RunBefores.evaluate(RunBefores.java:26)
	at org.junit.runners.ParentRunner$3.evaluate(ParentRunner.java:306)
	at org.junit.runners.BlockJUnit4ClassRunner$1.evaluate(BlockJUnit4ClassRunner.java:100)
	at org.junit.runners.ParentRunner.runLeaf(ParentRunner.java:366)
	at org.junit.runners.BlockJUnit4ClassRunner.runChild(BlockJUnit4ClassRunner.java:103)
	at org.junit.runners.BlockJUnit4ClassRunner.runChild(BlockJUnit4ClassRunner.java:63)
	at org.junit.runners.ParentRunner$4.run(ParentRunner.java:331)
	at org.junit.runners.ParentRunner$1.schedule(ParentRunner.java:79)
	at org.junit.runners.ParentRunner.runChildren(ParentRunner.java:329)
	at org.junit.runners.ParentRunner.access$100(ParentRunner.java:66)
	at org.junit.runners.ParentRunner$2.evaluate(ParentRunner.java:293)
	at org.junit.runners.ParentRunner$3.evaluate(ParentRunner.java:306)
	at org.junit.runners.ParentRunner.run(ParentRunner.java:413)
	at junit.framework.JUnit4TestAdapter.run(JUnit4TestAdapter.java:50)
	at org.apache.tools.ant.taskdefs.optional.junit.JUnitTestRunner.run(JUnitTestRunner.java:535)
	at org.apache.tools.ant.taskdefs.optional.junit.JUnitTestRunner.launch(JUnitTestRunner.java:1197)
	at org.apache.tools.ant.taskdefs.optional.junit.JUnitTestRunner.main(JUnitTestRunner.java:1042)
2025-04-11 20:59:23,352 [main] (DeleteOpportunityServlet.java:39) INFO  edu.skidmore.cs276.project.webapps.web.DeleteOpportunityServlet  - Request method: null
2025-04-11 20:59:23,352 [main] (DeleteOpportunityServlet.java:42) INFO  edu.skidmore.cs276.project.webapps.web.DeleteOpportunityServlet  - Not logged in
2025-04-11 20:59:23,361 [main] (DeleteOpportunityServlet.java:39) INFO  edu.skidmore.cs276.project.webapps.web.DeleteOpportunityServlet  - Request method: null
2025-04-11 20:59:23,362 [main] (DeleteOpportunityServlet.java:62) WARN  edu.skidmore.cs276.project.webapps.web.DeleteOpportunityServlet  - Missing category or URL for deletion: category=null, url=http://example.com
2025-04-11 20:59:23,370 [main] (DeleteOpportunityServlet.java:39) INFO  edu.skidmore.cs276.project.webapps.web.DeleteOpportunityServlet  - Request method: null
2025-04-11 20:59:23,371 [main] (DeleteOpportunityServlet.java:47) WARN  edu.skidmore.cs276.project.webapps.web.DeleteOpportunityServlet  - Access denied: User role user not authorized to delete resources
2025-04-11 21:01:33,878 [main] (DeleteOpportunityServlet.java:39) INFO  edu.skidmore.cs276.project.webapps.web.DeleteOpportunityServlet  - Request method: null
2025-04-11 21:01:33,889 [main] (OpportunitiesPersistence.java:166) INFO  edu.skidmore.cs276.project.fileio.OpportunitiesPersistence  - Deleting scholarships with URL: http://example.com
2025-04-11 21:01:33,890 [main] (OpportunitiesPersistence.java:170) ERROR edu.skidmore.cs276.project.fileio.OpportunitiesPersistence  - Failed to delete scholarships with URL: http://example.com
java.lang.IllegalStateException: The RDB Driver Class Name has not been set. The RDB Url has not been set. The RDB User Id has not been set. The RDB Password has not been set. 
	at edu.skidmore.cs276.project.rdb.RdbSingletonFacade.validateConfiguration(RdbSingletonFacade.java:296)
	at edu.skidmore.cs276.project.rdb.RdbSingletonFacade.execute(RdbSingletonFacade.java:137)
	at edu.skidmore.cs276.project.fileio.OpportunitiesPersistence.deleteOpportunity(OpportunitiesPersistence.java:168)
	at edu.skidmore.cs276.project.webapps.web.DeleteOpportunityServlet.controller(DeleteOpportunityServlet.java:55)
	at edu.skidmore.cs276.project.webapps.web.DeleteOpportunityServlet.doPost(DeleteOpportunityServlet.java:34)
	at edu.skidmore.cs276.project.webapps.web.DeleteOpportunityServletTest.testAdminWithValidInputDeletesResource(DeleteOpportunityServletTest.java:84)
	at java.base/jdk.internal.reflect.NativeMethodAccessorImpl.invoke0(Native Method)
	at java.base/jdk.internal.reflect.NativeMethodAccessorImpl.invoke(NativeMethodAccessorImpl.java:77)
	at java.base/jdk.internal.reflect.DelegatingMethodAccessorImpl.invoke(DelegatingMethodAccessorImpl.java:43)
	at java.base/java.lang.reflect.Method.invoke(Method.java:568)
	at org.junit.runners.model.FrameworkMethod$1.runReflectiveCall(FrameworkMethod.java:59)
	at org.junit.internal.runners.model.ReflectiveCallable.run(ReflectiveCallable.java:12)
	at org.junit.runners.model.FrameworkMethod.invokeExplosively(FrameworkMethod.java:56)
	at org.junit.internal.runners.statements.InvokeMethod.evaluate(InvokeMethod.java:17)
	at org.junit.internal.runners.statements.RunBefores.evaluate(RunBefores.java:26)
	at org.junit.runners.ParentRunner$3.evaluate(ParentRunner.java:306)
	at org.junit.runners.BlockJUnit4ClassRunner$1.evaluate(BlockJUnit4ClassRunner.java:100)
	at org.junit.runners.ParentRunner.runLeaf(ParentRunner.java:366)
	at org.junit.runners.BlockJUnit4ClassRunner.runChild(BlockJUnit4ClassRunner.java:103)
	at org.junit.runners.BlockJUnit4ClassRunner.runChild(BlockJUnit4ClassRunner.java:63)
	at org.junit.runners.ParentRunner$4.run(ParentRunner.java:331)
	at org.junit.runners.ParentRunner$1.schedule(ParentRunner.java:79)
	at org.junit.runners.ParentRunner.runChildren(ParentRunner.java:329)
	at org.junit.runners.ParentRunner.access$100(ParentRunner.java:66)
	at org.junit.runners.ParentRunner$2.evaluate(ParentRunner.java:293)
	at org.junit.runners.ParentRunner$3.evaluate(ParentRunner.java:306)
	at org.junit.runners.ParentRunner.run(ParentRunner.java:413)
	at junit.framework.JUnit4TestAdapter.run(JUnit4TestAdapter.java:50)
	at org.apache.tools.ant.taskdefs.optional.junit.JUnitTestRunner.run(JUnitTestRunner.java:535)
	at org.apache.tools.ant.taskdefs.optional.junit.JUnitTestRunner.launch(JUnitTestRunner.java:1197)
	at org.apache.tools.ant.taskdefs.optional.junit.JUnitTestRunner.main(JUnitTestRunner.java:1042)
2025-04-11 21:01:33,892 [main] (DeleteOpportunityServlet.java:58) ERROR edu.skidmore.cs276.project.webapps.web.DeleteOpportunityServlet  - Failed to delete scholarships with URL: http://example.com
java.lang.IllegalStateException: The RDB Driver Class Name has not been set. The RDB Url has not been set. The RDB User Id has not been set. The RDB Password has not been set. 
	at edu.skidmore.cs276.project.rdb.RdbSingletonFacade.validateConfiguration(RdbSingletonFacade.java:296)
	at edu.skidmore.cs276.project.rdb.RdbSingletonFacade.execute(RdbSingletonFacade.java:137)
	at edu.skidmore.cs276.project.fileio.OpportunitiesPersistence.deleteOpportunity(OpportunitiesPersistence.java:168)
	at edu.skidmore.cs276.project.webapps.web.DeleteOpportunityServlet.controller(DeleteOpportunityServlet.java:55)
	at edu.skidmore.cs276.project.webapps.web.DeleteOpportunityServlet.doPost(DeleteOpportunityServlet.java:34)
	at edu.skidmore.cs276.project.webapps.web.DeleteOpportunityServletTest.testAdminWithValidInputDeletesResource(DeleteOpportunityServletTest.java:84)
	at java.base/jdk.internal.reflect.NativeMethodAccessorImpl.invoke0(Native Method)
	at java.base/jdk.internal.reflect.NativeMethodAccessorImpl.invoke(NativeMethodAccessorImpl.java:77)
	at java.base/jdk.internal.reflect.DelegatingMethodAccessorImpl.invoke(DelegatingMethodAccessorImpl.java:43)
	at java.base/java.lang.reflect.Method.invoke(Method.java:568)
	at org.junit.runners.model.FrameworkMethod$1.runReflectiveCall(FrameworkMethod.java:59)
	at org.junit.internal.runners.model.ReflectiveCallable.run(ReflectiveCallable.java:12)
	at org.junit.runners.model.FrameworkMethod.invokeExplosively(FrameworkMethod.java:56)
	at org.junit.internal.runners.statements.InvokeMethod.evaluate(InvokeMethod.java:17)
	at org.junit.internal.runners.statements.RunBefores.evaluate(RunBefores.java:26)
	at org.junit.runners.ParentRunner$3.evaluate(ParentRunner.java:306)
	at org.junit.runners.BlockJUnit4ClassRunner$1.evaluate(BlockJUnit4ClassRunner.java:100)
	at org.junit.runners.ParentRunner.runLeaf(ParentRunner.java:366)
	at org.junit.runners.BlockJUnit4ClassRunner.runChild(BlockJUnit4ClassRunner.java:103)
	at org.junit.runners.BlockJUnit4ClassRunner.runChild(BlockJUnit4ClassRunner.java:63)
	at org.junit.runners.ParentRunner$4.run(ParentRunner.java:331)
	at org.junit.runners.ParentRunner$1.schedule(ParentRunner.java:79)
	at org.junit.runners.ParentRunner.runChildren(ParentRunner.java:329)
	at org.junit.runners.ParentRunner.access$100(ParentRunner.java:66)
	at org.junit.runners.ParentRunner$2.evaluate(ParentRunner.java:293)
	at org.junit.runners.ParentRunner$3.evaluate(ParentRunner.java:306)
	at org.junit.runners.ParentRunner.run(ParentRunner.java:413)
	at junit.framework.JUnit4TestAdapter.run(JUnit4TestAdapter.java:50)
	at org.apache.tools.ant.taskdefs.optional.junit.JUnitTestRunner.run(JUnitTestRunner.java:535)
	at org.apache.tools.ant.taskdefs.optional.junit.JUnitTestRunner.launch(JUnitTestRunner.java:1197)
	at org.apache.tools.ant.taskdefs.optional.junit.JUnitTestRunner.main(JUnitTestRunner.java:1042)
2025-04-11 21:01:33,941 [main] (DeleteOpportunityServlet.java:39) INFO  edu.skidmore.cs276.project.webapps.web.DeleteOpportunityServlet  - Request method: null
2025-04-11 21:01:33,941 [main] (DeleteOpportunityServlet.java:42) INFO  edu.skidmore.cs276.project.webapps.web.DeleteOpportunityServlet  - Not logged in
2025-04-11 21:01:33,953 [main] (DeleteOpportunityServlet.java:39) INFO  edu.skidmore.cs276.project.webapps.web.DeleteOpportunityServlet  - Request method: null
2025-04-11 21:01:33,953 [main] (DeleteOpportunityServlet.java:62) WARN  edu.skidmore.cs276.project.webapps.web.DeleteOpportunityServlet  - Missing category or URL for deletion: category=null, url=http://example.com
2025-04-11 21:01:33,964 [main] (DeleteOpportunityServlet.java:39) INFO  edu.skidmore.cs276.project.webapps.web.DeleteOpportunityServlet  - Request method: null
2025-04-11 21:01:33,964 [main] (DeleteOpportunityServlet.java:47) WARN  edu.skidmore.cs276.project.webapps.web.DeleteOpportunityServlet  - Access denied: User role user not authorized to delete resources
2025-04-26 19:48:28,992 [main] (DeleteOpportunityServlet.java:37) INFO  edu.skidmore.cs276.project.webapps.web.DeleteOpportunityServlet  - Request method: null
2025-04-26 19:48:29,000 [main] (DeleteOpportunityServlet.java:52) INFO  edu.skidmore.cs276.project.webapps.web.DeleteOpportunityServlet  - Received parameters: category=scholarships, url=http://example.com, returnPath=null/viewopportunities
2025-04-26 19:48:29,000 [main] (DeleteOpportunityServlet.java:83) INFO  edu.skidmore.cs276.project.webapps.web.DeleteOpportunityServlet  - Validate: Session ID: null
2025-04-26 19:48:29,000 [main] (DeleteOpportunityServlet.java:84) INFO  edu.skidmore.cs276.project.webapps.web.DeleteOpportunityServlet  - Session token: null
2025-04-26 19:48:29,001 [main] (DeleteOpportunityServlet.java:85) INFO  edu.skidmore.cs276.project.webapps.web.DeleteOpportunityServlet  - Request token: null
2025-04-26 19:48:29,001 [main] (DeleteOpportunityServlet.java:60) WARN  edu.skidmore.cs276.project.webapps.web.DeleteOpportunityServlet  - CSRF validation failed on delete request
2025-04-26 19:48:29,037 [main] (DeleteOpportunityServlet.java:37) INFO  edu.skidmore.cs276.project.webapps.web.DeleteOpportunityServlet  - Request method: null
2025-04-26 19:48:29,037 [main] (DeleteOpportunityServlet.java:41) WARN  edu.skidmore.cs276.project.webapps.web.DeleteOpportunityServlet  - Access denied: User role null not authorized to delete resources
2025-04-26 19:48:29,047 [main] (DeleteOpportunityServlet.java:37) INFO  edu.skidmore.cs276.project.webapps.web.DeleteOpportunityServlet  - Request method: null
2025-04-26 19:48:29,047 [main] (DeleteOpportunityServlet.java:52) INFO  edu.skidmore.cs276.project.webapps.web.DeleteOpportunityServlet  - Received parameters: category=null, url=http://example.com, returnPath=null/viewopportunities
2025-04-26 19:48:29,048 [main] (DeleteOpportunityServlet.java:72) WARN  edu.skidmore.cs276.project.webapps.web.DeleteOpportunityServlet  - Missing category or URL for deletion: category=null, url=http://example.com
2025-04-26 19:48:29,054 [main] (DeleteOpportunityServlet.java:37) INFO  edu.skidmore.cs276.project.webapps.web.DeleteOpportunityServlet  - Request method: null
2025-04-26 19:48:29,054 [main] (DeleteOpportunityServlet.java:41) WARN  edu.skidmore.cs276.project.webapps.web.DeleteOpportunityServlet  - Access denied: User role user not authorized to delete resources
2025-04-26 19:58:30,377 [main] (DeleteOpportunityServlet.java:37) INFO  edu.skidmore.cs276.project.webapps.web.DeleteOpportunityServlet  - Request method: null
2025-04-26 19:58:30,386 [main] (DeleteOpportunityServlet.java:52) INFO  edu.skidmore.cs276.project.webapps.web.DeleteOpportunityServlet  - Received parameters: category=scholarships, url=http://example.com, returnPath=null/viewopportunities
2025-04-26 19:58:30,387 [main] (DeleteOpportunityServlet.java:83) INFO  edu.skidmore.cs276.project.webapps.web.DeleteOpportunityServlet  - Validate: Session ID: null
2025-04-26 19:58:30,388 [main] (DeleteOpportunityServlet.java:84) INFO  edu.skidmore.cs276.project.webapps.web.DeleteOpportunityServlet  - Session token: null
2025-04-26 19:58:30,388 [main] (DeleteOpportunityServlet.java:85) INFO  edu.skidmore.cs276.project.webapps.web.DeleteOpportunityServlet  - Request token: null
2025-04-26 19:58:30,388 [main] (DeleteOpportunityServlet.java:60) WARN  edu.skidmore.cs276.project.webapps.web.DeleteOpportunityServlet  - CSRF validation failed on delete request
2025-04-26 19:58:30,440 [main] (DeleteOpportunityServlet.java:37) INFO  edu.skidmore.cs276.project.webapps.web.DeleteOpportunityServlet  - Request method: null
2025-04-26 19:58:30,440 [main] (DeleteOpportunityServlet.java:41) WARN  edu.skidmore.cs276.project.webapps.web.DeleteOpportunityServlet  - Access denied: User role null not authorized to delete resources
2025-04-26 19:58:30,452 [main] (DeleteOpportunityServlet.java:37) INFO  edu.skidmore.cs276.project.webapps.web.DeleteOpportunityServlet  - Request method: null
2025-04-26 19:58:30,453 [main] (DeleteOpportunityServlet.java:52) INFO  edu.skidmore.cs276.project.webapps.web.DeleteOpportunityServlet  - Received parameters: category=null, url=http://example.com, returnPath=null/viewopportunities
2025-04-26 19:58:30,453 [main] (DeleteOpportunityServlet.java:72) WARN  edu.skidmore.cs276.project.webapps.web.DeleteOpportunityServlet  - Missing category or URL for deletion: category=null, url=http://example.com
2025-04-26 19:58:30,461 [main] (DeleteOpportunityServlet.java:37) INFO  edu.skidmore.cs276.project.webapps.web.DeleteOpportunityServlet  - Request method: null
2025-04-26 19:58:30,462 [main] (DeleteOpportunityServlet.java:41) WARN  edu.skidmore.cs276.project.webapps.web.DeleteOpportunityServlet  - Access denied: User role user not authorized to delete resources
